<?xml version="1.0" encoding="UTF-8"?>
<!-- Generated by org.testng.reporters.JUnitReportReporter -->
<testsuite skipped="0" hostname="nlccu047" name="login.loginHome" tests="3" failures="0" timestamp="17 Dec 2020 20:37:08 GMT" time="0.017" errors="0">
  <testcase name="loginHomePage" time="0.011" classname="login.loginHome"/>
  <testcase name="selectItems" time="0.004" classname="login.loginHome"/>
  <testcase name="checkOut" time="0.002" classname="login.loginHome"/>
</testsuite> <!-- login.loginHome -->
